Using pre-set license
Built from '2020.2/release' branch; Version is '2020.2.1f1 (270dd8c3da1c) revision 2559448'; Using compiler version '192528614'; Build Type 'Release'
OS: 'Windows 10  (10.0.0) 64bit' Language: 'en' Physical Memory: 8133 MB
BatchMode: 1, IsHumanControllingUs: 0, StartBugReporterOnCrash: 0, Is64bit: 1, IsPro: 0

 COMMAND LINE ARGUMENTS:
C:\Program Files\Unity\Hub\Editor\2020.2.1f1\Editor\Unity.exe
-adb2
-batchMode
-noUpm
-name
AssetImportWorker0
-projectPath
C:/Users/logan/Desktop/cringe
-logFile
Logs/AssetImportWorker0.log
-srvPort
51988
Successfully changed project path to: C:/Users/logan/Desktop/cringe
C:/Users/logan/Desktop/cringe
Using Asset Import Pipeline V2.
Refreshing native plugins compatible for Editor in 35.37 ms, found 1 plugins.
Preloading 0 native plugins for Editor in 0.00 ms.
Initialize engine version: 2020.2.1f1 (270dd8c3da1c)
[Subsystems] Discovering subsystems at path C:/Program Files/Unity/Hub/Editor/2020.2.1f1/Editor/Data/Resources/UnitySubsystems
[Subsystems] Discovering subsystems at path C:/Users/logan/Desktop/cringe/Assets
GfxDevice: creating device client; threaded=0
Direct3D:
    Version:  Direct3D 11.0 [level 11.1]
    Renderer: AMD Radeon RX 5700 (ID=0x731f)
    Vendor:   
    VRAM:     8152 MB
    Driver:   27.20.14501.28009
Initialize mono
Mono path[0] = 'C:/Program Files/Unity/Hub/Editor/2020.2.1f1/Editor/Data/Managed'
Mono path[1] = 'C:/Program Files/Unity/Hub/Editor/2020.2.1f1/Editor/Data/MonoBleedingEdge/lib/mono/unityjit'
Mono config path = 'C:/Program Files/Unity/Hub/Editor/2020.2.1f1/Editor/Data/MonoBleedingEdge/etc'
Using monoOptions --debugger-agent=transport=dt_socket,embedding=1,server=y,suspend=n,address=127.0.0.1:56272
Begin MonoManager ReloadAssembly
Registering precompiled unity dll's ...
Register platform support module: C:/Program Files/Unity/Hub/Editor/2020.2.1f1/Editor/Data/PlaybackEngines/WebGLSupport/UnityEditor.WebGL.Extensions.dll
Register platform support module: C:/Program Files/Unity/Hub/Editor/2020.2.1f1/Editor/Data/PlaybackEngines/WindowsStandaloneSupport/UnityEditor.WindowsStandalone.Extensions.dll
Registered in 0.001625 seconds.
Native extension for WindowsStandalone target not found
Native extension for WebGL target not found
Refreshing native plugins compatible for Editor in 41.28 ms, found 1 plugins.
Preloading 0 native plugins for Editor in 0.00 ms.
Invoked RoslynAnalysisRunner static constructor.
RoslynAnalysisRunner will not be running.
RoslynAnalysisRunner has terminated.
Mono: successfully reloaded assembly
- Completed reload, in  2.488 seconds
Platform modules already initialized, skipping
Registering precompiled user dll's ...
Registered in 0.000787 seconds.
Begin MonoManager ReloadAssembly
Native extension for WindowsStandalone target not found
Native extension for WebGL target not found
Refreshing native plugins compatible for Editor in 35.06 ms, found 1 plugins.
Preloading 0 native plugins for Editor in 0.00 ms.
Invoked RoslynAnalysisRunner static constructor.
RoslynAnalysisRunner will not be running.
RoslynAnalysisRunner has terminated.
Mono: successfully reloaded assembly
- Completed reload, in  0.757 seconds
Platform modules already initialized, skipping
========================================================================
Worker process is ready to serve import requests
Launched and connected shader compiler UnityShaderCompiler.exe after 0.05 seconds
Refreshing native plugins compatible for Editor in 0.35 ms, found 1 plugins.
Preloading 0 native plugins for Editor in 0.00 ms.
Unloading 1846 Unused Serialized files (Serialized files now loaded: 0)
System memory in use before: 88.1 MB.
System memory in use after: 88.1 MB.

Unloading 24 unused Assets to reduce memory usage. Loaded Objects now: 2295.
Total: 1.803700 ms (FindLiveObjects: 0.161200 ms CreateObjectMapping: 0.077000 ms MarkObjects: 1.465700 ms  DeleteObjects: 0.098900 ms)

========================================================================
Received Import Request.
  path: Assets/Images/MAINMENUBACKGROUND.png
  artifactKey: Guid(99420d1f244d3094993967e628a96518) Importer(815301076,1909f56bfc062723c751e8b465ee728b)
Start importing Assets/Images/MAINMENUBACKGROUND.png using Guid(99420d1f244d3094993967e628a96518) Importer(815301076,1909f56bfc062723c751e8b465ee728b)  -> (artifact id: '895d508751ca26aae1bdf99baabf0b8d') in 0.081492 seconds
  Import took 0.084438 seconds .

========================================================================
Received Import Request.
  Time since last request: 3.624090 seconds.
  path: Assets/Images/medium.png
  artifactKey: Guid(22a6bbd6462e22748a23257199fa1355) Importer(815301076,1909f56bfc062723c751e8b465ee728b)
Start importing Assets/Images/medium.png using Guid(22a6bbd6462e22748a23257199fa1355) Importer(815301076,1909f56bfc062723c751e8b465ee728b)  -> (artifact id: '7758e62d0ffd95f80ce13858002536dc') in 0.011510 seconds
  Import took 0.014471 seconds .

========================================================================
Received Import Request.
  Time since last request: 1.228125 seconds.
  path: Assets/Images/easy.png
  artifactKey: Guid(18469af04dd93094c995751bc9240731) Importer(815301076,1909f56bfc062723c751e8b465ee728b)
Start importing Assets/Images/easy.png using Guid(18469af04dd93094c995751bc9240731) Importer(815301076,1909f56bfc062723c751e8b465ee728b)  -> (artifact id: '94a436377194763dcb0e98f0c3ae4014') in 0.011828 seconds
  Import took 0.014731 seconds .

========================================================================
Received Import Request.
  Time since last request: 25.582716 seconds.
  path: Assets/Levels/Finish/Appearing (96x96).png
  artifactKey: Guid(d164575131895684fa9cdc2be01772e6) Importer(815301076,1909f56bfc062723c751e8b465ee728b)
Start importing Assets/Levels/Finish/Appearing (96x96).png using Guid(d164575131895684fa9cdc2be01772e6) Importer(815301076,1909f56bfc062723c751e8b465ee728b)  -> (artifact id: 'b7ef29152585f3b1d5bfe7d003595eba') in 0.061419 seconds
  Import took 0.064323 seconds .

========================================================================
Received Import Request.
  Time since last request: 0.000162 seconds.
  path: Assets/Levels/Finish/Apple.png
  artifactKey: Guid(b1922cd6094c784448a5103996b8beff) Importer(815301076,1909f56bfc062723c751e8b465ee728b)
Start importing Assets/Levels/Finish/Apple.png using Guid(b1922cd6094c784448a5103996b8beff) Importer(815301076,1909f56bfc062723c751e8b465ee728b)  -> (artifact id: 'd3e1044146132fad8cdda4aedaaeaa56') in 0.034903 seconds
  Import took 0.037919 seconds .

========================================================================
Received Import Request.
  Time since last request: 0.000234 seconds.
  path: Assets/Levels/Finish/Appearing (96x96).png
  artifactKey: Guid(d164575131895684fa9cdc2be01772e6) Importer(815301076,1909f56bfc062723c751e8b465ee728b)
Start importing Assets/Levels/Finish/Appearing (96x96).png using Guid(d164575131895684fa9cdc2be01772e6) Importer(815301076,1909f56bfc062723c751e8b465ee728b)  -> (artifact id: 'b7ef29152585f3b1d5bfe7d003595eba') in 0.016957 seconds
  Import took 0.019726 seconds .

========================================================================
Received Import Request.
  Time since last request: 0.000243 seconds.
  path: Assets/Levels/Finish/Apple.png
  artifactKey: Guid(b1922cd6094c784448a5103996b8beff) Importer(815301076,1909f56bfc062723c751e8b465ee728b)
Start importing Assets/Levels/Finish/Apple.png using Guid(b1922cd6094c784448a5103996b8beff) Importer(815301076,1909f56bfc062723c751e8b465ee728b)  -> (artifact id: 'd3e1044146132fad8cdda4aedaaeaa56') in 0.023575 seconds
  Import took 0.026173 seconds .

========================================================================
Received Import Request.
  Time since last request: 4.064098 seconds.
  path: Assets/Pixel Adventure 2/Assets/Enemies/Chameleon/Attack (84x38).png
  artifactKey: Guid(9d3a57bf16487764588287654b487d2d) Importer(815301076,1909f56bfc062723c751e8b465ee728b)
Start importing Assets/Pixel Adventure 2/Assets/Enemies/Chameleon/Attack (84x38).png using Guid(9d3a57bf16487764588287654b487d2d) Importer(815301076,1909f56bfc062723c751e8b465ee728b)  -> (artifact id: '056289dadb63775c4282a9728d50a9be') in 0.036594 seconds
  Import took 0.040376 seconds .

========================================================================
Received Import Request.
  Time since last request: 0.000259 seconds.
  path: Assets/Levels/Level4/Blue.png
  artifactKey: Guid(94a8fa0fa77792e43be8dd2ae2699400) Importer(815301076,1909f56bfc062723c751e8b465ee728b)
Start importing Assets/Levels/Level4/Blue.png using Guid(94a8fa0fa77792e43be8dd2ae2699400) Importer(815301076,1909f56bfc062723c751e8b465ee728b)  -> (artifact id: '7e240fba9b2cb082f875297f831211d9') in 0.015992 seconds
  Import took 0.019287 seconds .

========================================================================
Received Import Request.
  Time since last request: 0.000231 seconds.
  path: Assets/Levels/Finish/Blue.png
  artifactKey: Guid(96fec9a1040b600449f612a2159549b4) Importer(815301076,1909f56bfc062723c751e8b465ee728b)
Start importing Assets/Levels/Finish/Blue.png using Guid(96fec9a1040b600449f612a2159549b4) Importer(815301076,1909f56bfc062723c751e8b465ee728b)  -> (artifact id: '70a0d4aafcffd1b7d127f88a2ba6de25') in 0.011192 seconds
  Import took 0.014374 seconds .

========================================================================
Received Import Request.
  Time since last request: 0.000295 seconds.
  path: Assets/Pixel Adventure 2/Assets/Enemies/Plant/Bullet Pieces (16x16).png
  artifactKey: Guid(44bf90fb9fb70524c87497a99496921c) Importer(815301076,1909f56bfc062723c751e8b465ee728b)
Start importing Assets/Pixel Adventure 2/Assets/Enemies/Plant/Bullet Pieces (16x16).png using Guid(44bf90fb9fb70524c87497a99496921c) Importer(815301076,1909f56bfc062723c751e8b465ee728b)  -> (artifact id: '8136c38962d63439779ffdfb2668ef73') in 0.020845 seconds
  Import took 0.024170 seconds .

========================================================================
Received Import Request.
  Time since last request: 0.000182 seconds.
  path: Assets/Pixel Adventure 2/Assets/Enemies/Bee/Bullet.png
  artifactKey: Guid(669ef922a468d184489d2a28b0f84bb0) Importer(815301076,1909f56bfc062723c751e8b465ee728b)
Start importing Assets/Pixel Adventure 2/Assets/Enemies/Bee/Bullet.png using Guid(669ef922a468d184489d2a28b0f84bb0) Importer(815301076,1909f56bfc062723c751e8b465ee728b)  -> (artifact id: '6350d73120401f1281d60c9010069232') in 0.017353 seconds
  Import took 0.020448 seconds .

========================================================================
Received Import Request.
  Time since last request: 0.000200 seconds.
  path: Assets/Pixel Adventure 1/Assets/Traps/Spiked Ball/Chain.png
  artifactKey: Guid(8baedcc19bcfee347a8aef42935eac87) Importer(815301076,1909f56bfc062723c751e8b465ee728b)
Start importing Assets/Pixel Adventure 1/Assets/Traps/Spiked Ball/Chain.png using Guid(8baedcc19bcfee347a8aef42935eac87) Importer(815301076,1909f56bfc062723c751e8b465ee728b)  -> (artifact id: 'd24dad3f36bbd5214b78902473b8667e') in 0.018974 seconds
  Import took 0.021700 seconds .

========================================================================
Received Import Request.
  Time since last request: 0.000189 seconds.
  path: Assets/Levels/Finish/Checkpoint (Flag Idle)(64x64).png
  artifactKey: Guid(cfca1fd039b1d6c4f973d4b9403d19c8) Importer(815301076,1909f56bfc062723c751e8b465ee728b)
Start importing Assets/Levels/Finish/Checkpoint (Flag Idle)(64x64).png using Guid(cfca1fd039b1d6c4f973d4b9403d19c8) Importer(815301076,1909f56bfc062723c751e8b465ee728b)  -> (artifact id: '2c713a2532bb467291719b544f67c092') in 0.032178 seconds
  Import took 0.035223 seconds .

========================================================================
Received Import Request.
  Time since last request: 0.000159 seconds.
  path: Assets/Levels/Finish/Fall (32x32).png
  artifactKey: Guid(f507dda55a8c39941b4362ac2060252d) Importer(815301076,1909f56bfc062723c751e8b465ee728b)
Start importing Assets/Levels/Finish/Fall (32x32).png using Guid(f507dda55a8c39941b4362ac2060252d) Importer(815301076,1909f56bfc062723c751e8b465ee728b)  -> (artifact id: '31dde31de5efb6863fd69e4b58b6ac6b') in 0.014573 seconds
  Import took 0.017315 seconds .

========================================================================
Received Import Request.
  Time since last request: 0.000239 seconds.
  path: Assets/Pixel Adventure 2/Assets/Enemies/BlueBird/Flying (32x32).png
  artifactKey: Guid(9f8778d0d44049a459735824f24042e0) Importer(815301076,1909f56bfc062723c751e8b465ee728b)
Start importing Assets/Pixel Adventure 2/Assets/Enemies/BlueBird/Flying (32x32).png using Guid(9f8778d0d44049a459735824f24042e0) Importer(815301076,1909f56bfc062723c751e8b465ee728b)  -> (artifact id: 'b22b41176cab1b139d93ad3c453a1f82') in 0.028630 seconds
  Import took 0.031940 seconds .

========================================================================
Received Import Request.
  Time since last request: 0.000161 seconds.
  path: Assets/Levels/Level4/Checkpoint (No Flag).png
  artifactKey: Guid(08f7c9540f99439459236e11750a3cd7) Importer(815301076,1909f56bfc062723c751e8b465ee728b)
Start importing Assets/Levels/Level4/Checkpoint (No Flag).png using Guid(08f7c9540f99439459236e11750a3cd7) Importer(815301076,1909f56bfc062723c751e8b465ee728b)  -> (artifact id: '3a5e71a42ed678738675af91e58fa3fd') in 0.015240 seconds
  Import took 0.018278 seconds .

========================================================================
Received Import Request.
  Time since last request: 0.000192 seconds.
  path: Assets/Pixel Adventure 2/Assets/Enemies/Slime/Hit (44x30).png
  artifactKey: Guid(80ab1d417eec35e43a8ac810121ef5df) Importer(815301076,1909f56bfc062723c751e8b465ee728b)
Start importing Assets/Pixel Adventure 2/Assets/Enemies/Slime/Hit (44x30).png using Guid(80ab1d417eec35e43a8ac810121ef5df) Importer(815301076,1909f56bfc062723c751e8b465ee728b)  -> (artifact id: 'f941bbba18319833c439f2690306db53') in 0.023709 seconds
  Import took 0.026689 seconds .

========================================================================
Received Import Request.
  Time since last request: 0.000199 seconds.
  path: Assets/Pixel Adventure 2/Assets/Enemies/Ghost/Hit (44x30).png
  artifactKey: Guid(fe0d305c386c24f49b22110bd836c48d) Importer(815301076,1909f56bfc062723c751e8b465ee728b)
Start importing Assets/Pixel Adventure 2/Assets/Enemies/Ghost/Hit (44x30).png using Guid(fe0d305c386c24f49b22110bd836c48d) Importer(815301076,1909f56bfc062723c751e8b465ee728b)  -> (artifact id: '9041445d2a2ab6c04a15a14e8ead1f72') in 0.020116 seconds
  Import took 0.023230 seconds .

========================================================================
Received Import Request.
  Time since last request: 0.000192 seconds.
  path: Assets/Pixel Adventure 2/Assets/Enemies/Turtle/Hit (44x26).png
  artifactKey: Guid(1be4f088c23bfd74091c162649ac6f15) Importer(815301076,1909f56bfc062723c751e8b465ee728b)
Start importing Assets/Pixel Adventure 2/Assets/Enemies/Turtle/Hit (44x26).png using Guid(1be4f088c23bfd74091c162649ac6f15) Importer(815301076,1909f56bfc062723c751e8b465ee728b)  -> (artifact id: '424c42f9a58f82450f8549ad6d14c9cb') in 0.023430 seconds
  Import took 0.026543 seconds .

========================================================================
Received Import Request.
  Time since last request: 0.000137 seconds.
  path: Assets/Pixel Adventure 2/Assets/Enemies/Snail/Idle (38x24).png
  artifactKey: Guid(35d33412cf90ccf4f9e1b5100ba41640) Importer(815301076,1909f56bfc062723c751e8b465ee728b)
Start importing Assets/Pixel Adventure 2/Assets/Enemies/Snail/Idle (38x24).png using Guid(35d33412cf90ccf4f9e1b5100ba41640) Importer(815301076,1909f56bfc062723c751e8b465ee728b)  -> (artifact id: '63557ccbedbdf8ce51d8abb098dad9e9') in 0.032385 seconds
  Import took 0.035000 seconds .

========================================================================
Received Import Request.
  Time since last request: 0.000153 seconds.
  path: Assets/Pixel Adventure 2/Assets/Enemies/Bat/Idle (46x30).png
  artifactKey: Guid(17f1500d499e1e546814f4f32624b47e) Importer(815301076,1909f56bfc062723c751e8b465ee728b)
Start importing Assets/Pixel Adventure 2/Assets/Enemies/Bat/Idle (46x30).png using Guid(17f1500d499e1e546814f4f32624b47e) Importer(815301076,1909f56bfc062723c751e8b465ee728b)  -> (artifact id: 'f7508dd7e1a84ca30fc48560cd52cd73') in 0.028637 seconds
  Import took 0.031358 seconds .

========================================================================
Received Import Request.
  Time since last request: 0.000171 seconds.
  path: Assets/Pixel Adventure 2/Assets/Enemies/FatBird/Idle (40x48).png
  artifactKey: Guid(60beccb521110cf40be533c702156072) Importer(815301076,1909f56bfc062723c751e8b465ee728b)
Start importing Assets/Pixel Adventure 2/Assets/Enemies/FatBird/Idle (40x48).png using Guid(60beccb521110cf40be533c702156072) Importer(815301076,1909f56bfc062723c751e8b465ee728b)  -> (artifact id: '6159e903ce5f80944d2964b538e54385') in 0.026030 seconds
  Import took 0.028772 seconds .

========================================================================
Received Import Request.
  Time since last request: 0.000178 seconds.
  path: Assets/Pixel Adventure 2/Assets/Enemies/Plant/Idle (44x42).png
  artifactKey: Guid(326dd6eeaa0ca144ca01194dbacf63fa) Importer(815301076,1909f56bfc062723c751e8b465ee728b)
Start importing Assets/Pixel Adventure 2/Assets/Enemies/Plant/Idle (44x42).png using Guid(326dd6eeaa0ca144ca01194dbacf63fa) Importer(815301076,1909f56bfc062723c751e8b465ee728b)  -> (artifact id: 'a282992d2b2175a745d3a2630471ddad') in 0.030759 seconds
  Import took 0.033536 seconds .

========================================================================
Received Import Request.
  Time since last request: 0.000123 seconds.
  path: Assets/Pixel Adventure 2/Assets/Enemies/Rino/Idle (52x34).png
  artifactKey: Guid(e3531be27cb827743bac8ea66dae5bfd) Importer(815301076,1909f56bfc062723c751e8b465ee728b)
Start importing Assets/Pixel Adventure 2/Assets/Enemies/Rino/Idle (52x34).png using Guid(e3531be27cb827743bac8ea66dae5bfd) Importer(815301076,1909f56bfc062723c751e8b465ee728b)  -> (artifact id: '1c96d7d4cb6870d9c60a460b613954b5') in 0.029848 seconds
  Import took 0.032542 seconds .

========================================================================
Received Import Request.
  Time since last request: 0.000150 seconds.
  path: Assets/Levels/Level4/Checkpoint (Flag Out) (64x64).png
  artifactKey: Guid(b81753bc57092b649851cea6b1d90864) Importer(815301076,1909f56bfc062723c751e8b465ee728b)
Start importing Assets/Levels/Level4/Checkpoint (Flag Out) (64x64).png using Guid(b81753bc57092b649851cea6b1d90864) Importer(815301076,1909f56bfc062723c751e8b465ee728b)  -> (artifact id: '1680504571164e7d7d4a5cccf091c599') in 0.049226 seconds
  Import took 0.052185 seconds .

========================================================================
Received Import Request.
  Time since last request: 0.000191 seconds.
  path: Assets/Pixel Adventure 2/Assets/Enemies/Trunk/Idle (64x32).png
  artifactKey: Guid(bf4df7b2c9cda4c44b372e2b47a5cb8f) Importer(815301076,1909f56bfc062723c751e8b465ee728b)
Start importing Assets/Pixel Adventure 2/Assets/Enemies/Trunk/Idle (64x32).png using Guid(bf4df7b2c9cda4c44b372e2b47a5cb8f) Importer(815301076,1909f56bfc062723c751e8b465ee728b)  -> (artifact id: '49c1930289e445818898f523219e11ba') in 0.038978 seconds
  Import took 0.041978 seconds .

========================================================================
Received Import Request.
  Time since last request: 0.000228 seconds.
  path: Assets/Pixel Adventure 2/Assets/Enemies/Chameleon/Idle (84x38).png
  artifactKey: Guid(43f6bb244a62313438cda197a8e07007) Importer(815301076,1909f56bfc062723c751e8b465ee728b)
Start importing Assets/Pixel Adventure 2/Assets/Enemies/Chameleon/Idle (84x38).png using Guid(43f6bb244a62313438cda197a8e07007) Importer(815301076,1909f56bfc062723c751e8b465ee728b)  -> (artifact id: '9d1f5fe86a34a51be8108a17295fc5cb') in 0.037664 seconds
  Import took 0.040663 seconds .

========================================================================
Received Import Request.
  Time since last request: 0.000191 seconds.
  path: Assets/Pixel Adventure 2/Assets/Enemies/Duck/Jump (36x36).png
  artifactKey: Guid(38cb56d15dc28c34eaf4da30ab64c8fb) Importer(815301076,1909f56bfc062723c751e8b465ee728b)
Start importing Assets/Pixel Adventure 2/Assets/Enemies/Duck/Jump (36x36).png using Guid(38cb56d15dc28c34eaf4da30ab64c8fb) Importer(815301076,1909f56bfc062723c751e8b465ee728b)  -> (artifact id: '191b19c74bc861f09648d43531a9da55') in 0.019040 seconds
  Import took 0.021969 seconds .

========================================================================
Received Import Request.
  Time since last request: 0.000169 seconds.
  path: Assets/Levels/Level3/Run (32x32).png
  artifactKey: Guid(e22bb8fb0366e81468e6855ba26ae7f9) Importer(815301076,1909f56bfc062723c751e8b465ee728b)
Start importing Assets/Levels/Level3/Run (32x32).png using Guid(e22bb8fb0366e81468e6855ba26ae7f9) Importer(815301076,1909f56bfc062723c751e8b465ee728b)  -> (artifact id: 'e9cfa1e8770e834adfee8a4729ebb100') in 0.030333 seconds
  Import took 0.033907 seconds .

========================================================================
Received Import Request.
  Time since last request: 0.000186 seconds.
  path: Assets/Pixel Adventure 2/Assets/Enemies/Trunk/Run (64x32).png
  artifactKey: Guid(daf3a34e52af9394d953d7b098baacc1) Importer(815301076,1909f56bfc062723c751e8b465ee728b)
Start importing Assets/Pixel Adventure 2/Assets/Enemies/Trunk/Run (64x32).png using Guid(daf3a34e52af9394d953d7b098baacc1) Importer(815301076,1909f56bfc062723c751e8b465ee728b)  -> (artifact id: 'a3207a2d0fb713535c714e8852396647') in 0.034377 seconds
  Import took 0.037970 seconds .

========================================================================
Received Import Request.
  Time since last request: 0.000297 seconds.
  path: Assets/Pixel Adventure 2/Assets/Enemies/Turtle/Spikes out (44x26).png
  artifactKey: Guid(5b94c5df9bdd3c9488690c89f80edde5) Importer(815301076,1909f56bfc062723c751e8b465ee728b)
Start importing Assets/Pixel Adventure 2/Assets/Enemies/Turtle/Spikes out (44x26).png using Guid(5b94c5df9bdd3c9488690c89f80edde5) Importer(815301076,1909f56bfc062723c751e8b465ee728b)  -> (artifact id: '317c80b8f164833b9269650f36b89232') in 0.027425 seconds
  Import took 0.030448 seconds .

========================================================================
Received Import Request.
  Time since last request: 0.000203 seconds.
  path: Assets/Levels/Finish/Terrain Sliced (16x16).png
  artifactKey: Guid(4a5f914e184c7524083c6de92c37e723) Importer(815301076,1909f56bfc062723c751e8b465ee728b)
Start importing Assets/Levels/Finish/Terrain Sliced (16x16).png using Guid(4a5f914e184c7524083c6de92c37e723) Importer(815301076,1909f56bfc062723c751e8b465ee728b)  -> (artifact id: '0001d1c6409db93265b9bfe43fa21afd') in 0.169952 seconds
  Import took 0.173219 seconds .

========================================================================
Received Import Request.
  Time since last request: 0.000197 seconds.
  path: Assets/Pixel Adventure 2/Assets/Enemies/Rocks/Rock3_Hit (22x18).png
  artifactKey: Guid(11a4033edaa2ca34ca1529d04f8ec106) Importer(815301076,1909f56bfc062723c751e8b465ee728b)
Start importing Assets/Pixel Adventure 2/Assets/Enemies/Rocks/Rock3_Hit (22x18).png using Guid(11a4033edaa2ca34ca1529d04f8ec106) Importer(815301076,1909f56bfc062723c751e8b465ee728b)  -> (artifact id: 'a37779ce19313abf577e0df560396bac') in 0.022467 seconds
  Import took 0.025176 seconds .

========================================================================
Received Import Request.
  Time since last request: 0.000155 seconds.
  path: Assets/Levels/Finish/Terrain Sliced (16x16).png
  artifactKey: Guid(4a5f914e184c7524083c6de92c37e723) Importer(815301076,1909f56bfc062723c751e8b465ee728b)
Start importing Assets/Levels/Finish/Terrain Sliced (16x16).png using Guid(4a5f914e184c7524083c6de92c37e723) Importer(815301076,1909f56bfc062723c751e8b465ee728b)  -> (artifact id: '0001d1c6409db93265b9bfe43fa21afd') in 0.189824 seconds
  Import took 0.193240 seconds .

========================================================================
Received Import Request.
  Time since last request: 0.000189 seconds.
  path: Assets/Pixel Adventure 2/Assets/Enemies/Mushroom/Run (32x32).png
  artifactKey: Guid(4de760c38ab41314bbdcfb6943023452) Importer(815301076,1909f56bfc062723c751e8b465ee728b)
Start importing Assets/Pixel Adventure 2/Assets/Enemies/Mushroom/Run (32x32).png using Guid(4de760c38ab41314bbdcfb6943023452) Importer(815301076,1909f56bfc062723c751e8b465ee728b)  -> (artifact id: '88acee0f36bf30c0ed9496310e9fd41c') in 0.032827 seconds
  Import took 0.035775 seconds .

========================================================================
Received Import Request.
  Time since last request: 0.000125 seconds.
  path: Assets/Pixel Adventure 2/Assets/Enemies/Turtle/Idle 2 (44x26).png
  artifactKey: Guid(a9c658600a401f347888cfd916603aa4) Importer(815301076,1909f56bfc062723c751e8b465ee728b)
Start importing Assets/Pixel Adventure 2/Assets/Enemies/Turtle/Idle 2 (44x26).png using Guid(a9c658600a401f347888cfd916603aa4) Importer(815301076,1909f56bfc062723c751e8b465ee728b)  -> (artifact id: '3929aeb3c2ffc9ff06a2ce7443f3dc71') in 0.032539 seconds
  Import took 0.035244 seconds .

========================================================================
Received Import Request.
  Time since last request: 0.000135 seconds.
  path: Assets/Pixel Adventure 2/Assets/Enemies/AngryPig/Idle (36x30).png
  artifactKey: Guid(bb22e9cd7a3f50c41aa55c47dd8c2975) Importer(815301076,1909f56bfc062723c751e8b465ee728b)
Start importing Assets/Pixel Adventure 2/Assets/Enemies/AngryPig/Idle (36x30).png using Guid(bb22e9cd7a3f50c41aa55c47dd8c2975) Importer(815301076,1909f56bfc062723c751e8b465ee728b)  -> (artifact id: 'a3d9979f6b67eb9e1dbaed2b0c859093') in 0.028186 seconds
  Import took 0.030554 seconds .

========================================================================
Received Import Request.
  Time since last request: 0.000117 seconds.
  path: Assets/Pixel Adventure 2/Assets/Enemies/Ghost/Gost Particles (16x16).png
  artifactKey: Guid(14048ba4b41a50449a2a86a01088f5e2) Importer(815301076,1909f56bfc062723c751e8b465ee728b)
Start importing Assets/Pixel Adventure 2/Assets/Enemies/Ghost/Gost Particles (16x16).png using Guid(14048ba4b41a50449a2a86a01088f5e2) Importer(815301076,1909f56bfc062723c751e8b465ee728b)  -> (artifact id: 'ca05b6ea974387836b4d678b6439815e') in 0.019885 seconds
  Import took 0.022781 seconds .

========================================================================
Received Import Request.
  Time since last request: 0.000130 seconds.
  path: Assets/Levels/Level4/Idle (32x32).png
  artifactKey: Guid(3a2551f500fd0164da57c7ba7b8dd084) Importer(815301076,1909f56bfc062723c751e8b465ee728b)
Start importing Assets/Levels/Level4/Idle (32x32).png using Guid(3a2551f500fd0164da57c7ba7b8dd084) Importer(815301076,1909f56bfc062723c751e8b465ee728b)  -> (artifact id: 'da5b8d22d82604baaa4bb658845f498d') in 0.028499 seconds
  Import took 0.031338 seconds .

========================================================================
Received Import Request.
  Time since last request: 0.000117 seconds.
  path: Assets/Pixel Adventure 2/Assets/Enemies/Slime/Idle-Run (44x30).png
  artifactKey: Guid(52d40d1d463a123498d838dd108b712a) Importer(815301076,1909f56bfc062723c751e8b465ee728b)
Start importing Assets/Pixel Adventure 2/Assets/Enemies/Slime/Idle-Run (44x30).png using Guid(52d40d1d463a123498d838dd108b712a) Importer(815301076,1909f56bfc062723c751e8b465ee728b)  -> (artifact id: '2f09e2015e17b9b6297643159375e517') in 0.027895 seconds
  Import took 0.031014 seconds .

========================================================================
Received Import Request.
  Time since last request: 0.000139 seconds.
  path: Assets/Levels/Level4/Jump (32x32).png
  artifactKey: Guid(dcf557f75b8cbee4097dffdd18724be1) Importer(815301076,1909f56bfc062723c751e8b465ee728b)
Start importing Assets/Levels/Level4/Jump (32x32).png using Guid(dcf557f75b8cbee4097dffdd18724be1) Importer(815301076,1909f56bfc062723c751e8b465ee728b)  -> (artifact id: 'cb2ec7742c4cd4714939667bbecb7aac') in 0.013988 seconds
  Import took 0.016647 seconds .

========================================================================
Received Import Request.
  Time since last request: 0.000120 seconds.
  path: Assets/Pixel Adventure 2/Assets/Enemies/Trunk/Bullet.png
  artifactKey: Guid(f817ba5aabd773e4f914480bdd62d0c8) Importer(815301076,1909f56bfc062723c751e8b465ee728b)
Start importing Assets/Pixel Adventure 2/Assets/Enemies/Trunk/Bullet.png using Guid(f817ba5aabd773e4f914480bdd62d0c8) Importer(815301076,1909f56bfc062723c751e8b465ee728b)  -> (artifact id: '4b581f73aebe1e705b7f10e43558daa2') in 0.012782 seconds
  Import took 0.015487 seconds .

========================================================================
Received Import Request.
  Time since last request: 0.000119 seconds.
  path: Assets/Levels/Level4/Checkpoint (Flag Idle)(64x64).png
  artifactKey: Guid(443e90b5b5bb9ae48940347995a40af1) Importer(815301076,1909f56bfc062723c751e8b465ee728b)
Start importing Assets/Levels/Level4/Checkpoint (Flag Idle)(64x64).png using Guid(443e90b5b5bb9ae48940347995a40af1) Importer(815301076,1909f56bfc062723c751e8b465ee728b)  -> (artifact id: '75716e13679e9c54067f1832e4cb81ec') in 0.024048 seconds
  Import took 0.027069 seconds .

========================================================================
Received Import Request.
  Time since last request: 0.000155 seconds.
  path: Assets/Pixel Adventure 2/Assets/Enemies/Skull/Idle 2 (52x54).png
  artifactKey: Guid(ed57a13d678b6614fa329888af09bde2) Importer(815301076,1909f56bfc062723c751e8b465ee728b)
Start importing Assets/Pixel Adventure 2/Assets/Enemies/Skull/Idle 2 (52x54).png using Guid(ed57a13d678b6614fa329888af09bde2) Importer(815301076,1909f56bfc062723c751e8b465ee728b)  -> (artifact id: '71bf6fb65948bc0fd8dabb6363f2e9c1') in 0.026126 seconds
  Import took 0.028912 seconds .

========================================================================
Received Import Request.
  Time since last request: 0.000187 seconds.
  path: Assets/Pixel Adventure 2/Assets/Enemies/Rocks/Rock3_Idle (22x18).png
  artifactKey: Guid(061e846bd4a5ba449bf75b630b1a7dcb) Importer(815301076,1909f56bfc062723c751e8b465ee728b)
Start importing Assets/Pixel Adventure 2/Assets/Enemies/Rocks/Rock3_Idle (22x18).png using Guid(061e846bd4a5ba449bf75b630b1a7dcb) Importer(815301076,1909f56bfc062723c751e8b465ee728b)  -> (artifact id: 'f51e2a2ba8572be58173e0fba18c69de') in 0.029489 seconds
  Import took 0.032595 seconds .

========================================================================
Received Import Request.
  Time since last request: 0.000168 seconds.
  path: Assets/Levels/Finish/Collected.png
  artifactKey: Guid(2825a0cea2ff4b2458bcbe69378b89d2) Importer(815301076,1909f56bfc062723c751e8b465ee728b)
Start importing Assets/Levels/Finish/Collected.png using Guid(2825a0cea2ff4b2458bcbe69378b89d2) Importer(815301076,1909f56bfc062723c751e8b465ee728b)  -> (artifact id: 'f3e2dd70c700b1e65c0e6905311e6d05') in 0.021326 seconds
  Import took 0.024020 seconds .

========================================================================
Received Import Request.
  Time since last request: 0.000137 seconds.
  path: Assets/Pixel Adventure 2/Assets/Enemies/Trunk/Bullet Pieces (16x16).png
  artifactKey: Guid(c311c0181264099438b146cd005da065) Importer(815301076,1909f56bfc062723c751e8b465ee728b)
Start importing Assets/Pixel Adventure 2/Assets/Enemies/Trunk/Bullet Pieces (16x16).png using Guid(c311c0181264099438b146cd005da065) Importer(815301076,1909f56bfc062723c751e8b465ee728b)  -> (artifact id: '7855987b5d0e8b514aa4a0ffcc9d5ba6') in 0.014128 seconds
  Import took 0.016851 seconds .

========================================================================
Received Import Request.
  Time since last request: 0.000176 seconds.
  path: Assets/Levels/Finish/Idle (32x32).png
  artifactKey: Guid(af712b53799483a45a9a2284e58a02aa) Importer(815301076,1909f56bfc062723c751e8b465ee728b)
Start importing Assets/Levels/Finish/Idle (32x32).png using Guid(af712b53799483a45a9a2284e58a02aa) Importer(815301076,1909f56bfc062723c751e8b465ee728b)  -> (artifact id: 'e0b81ec21e1cbeed8451d1c5b3634d3c') in 0.024125 seconds
  Import took 0.027073 seconds .

========================================================================
Received Import Request.
  Time since last request: 0.000175 seconds.
  path: Assets/Levels/Level3/Idle (32x32).png
  artifactKey: Guid(9b977efeb28565a4690b895d1a292461) Importer(815301076,1909f56bfc062723c751e8b465ee728b)
Start importing Assets/Levels/Level3/Idle (32x32).png using Guid(9b977efeb28565a4690b895d1a292461) Importer(815301076,1909f56bfc062723c751e8b465ee728b)  -> (artifact id: '274385ee7bc5cd3292ef3557a3699da1') in 0.025334 seconds
  Import took 0.028139 seconds .

========================================================================
Received Import Request.
  Time since last request: 0.000182 seconds.
  path: Assets/Levels/Level3/Checkpoint (Flag Out) (64x64).png
  artifactKey: Guid(fcea113a8e044734c9eb4b36df41ae3c) Importer(815301076,1909f56bfc062723c751e8b465ee728b)
Start importing Assets/Levels/Level3/Checkpoint (Flag Out) (64x64).png using Guid(fcea113a8e044734c9eb4b36df41ae3c) Importer(815301076,1909f56bfc062723c751e8b465ee728b)  -> (artifact id: 'e9e5ab265aa556c9fb5352c4c36a67e3') in 0.044194 seconds
  Import took 0.046857 seconds .

========================================================================
Received Import Request.
  Time since last request: 0.000204 seconds.
  path: Assets/Levels/Level3/Checkpoint (Flag Idle)(64x64).png
  artifactKey: Guid(91af9933651ce3d4297be12e217e0501) Importer(815301076,1909f56bfc062723c751e8b465ee728b)
Start importing Assets/Levels/Level3/Checkpoint (Flag Idle)(64x64).png using Guid(91af9933651ce3d4297be12e217e0501) Importer(815301076,1909f56bfc062723c751e8b465ee728b)  -> (artifact id: 'b46e96e596d080d7ff409ff4f4dba6eb') in 0.025227 seconds
  Import took 0.027985 seconds .

========================================================================
Received Import Request.
  Time since last request: 0.000114 seconds.
  path: Assets/Pixel Adventure 2/Assets/Enemies/Bunny/Jump.png
  artifactKey: Guid(ecc9c07b5beb1164dbb54c0d9847c7e2) Importer(815301076,1909f56bfc062723c751e8b465ee728b)
Start importing Assets/Pixel Adventure 2/Assets/Enemies/Bunny/Jump.png using Guid(ecc9c07b5beb1164dbb54c0d9847c7e2) Importer(815301076,1909f56bfc062723c751e8b465ee728b)  -> (artifact id: '6a006201a1ea627597a57cdbf040656b') in 0.017331 seconds
  Import took 0.020015 seconds .

========================================================================
Received Import Request.
  Time since last request: 0.000208 seconds.
  path: Assets/Pixel Adventure 2/Assets/Enemies/Radish/Idle 1 (30x38).png
  artifactKey: Guid(c078262cfe23e5f45b0fdf215c6fa100) Importer(815301076,1909f56bfc062723c751e8b465ee728b)
Start importing Assets/Pixel Adventure 2/Assets/Enemies/Radish/Idle 1 (30x38).png using Guid(c078262cfe23e5f45b0fdf215c6fa100) Importer(815301076,1909f56bfc062723c751e8b465ee728b)  -> (artifact id: 'daf95d89c3e7bdcda66bf3798441bfde') in 0.023120 seconds
  Import took 0.025567 seconds .

========================================================================
Received Import Request.
  Time since last request: 0.000197 seconds.
  path: Assets/Pixel Adventure 2/Assets/Enemies/Radish/Leafs (16x16).png
  artifactKey: Guid(d66a24f1a595be64bbd51c1a109278b1) Importer(815301076,1909f56bfc062723c751e8b465ee728b)
Start importing Assets/Pixel Adventure 2/Assets/Enemies/Radish/Leafs (16x16).png using Guid(d66a24f1a595be64bbd51c1a109278b1) Importer(815301076,1909f56bfc062723c751e8b465ee728b)  -> (artifact id: '8dc99806576a0e16182080f7e5a27baa') in 0.017415 seconds
  Import took 0.020244 seconds .

========================================================================
Received Import Request.
  Time since last request: 0.000179 seconds.
  path: Assets/Levels/Level3/Terrain Sliced (16x16).png
  artifactKey: Guid(1c3105c903a4dcb42b73406b8d6e5a36) Importer(815301076,1909f56bfc062723c751e8b465ee728b)
Start importing Assets/Levels/Level3/Terrain Sliced (16x16).png using Guid(1c3105c903a4dcb42b73406b8d6e5a36) Importer(815301076,1909f56bfc062723c751e8b465ee728b)  -> (artifact id: 'fd73f5160620df1999a1ffbe66660fce') in 0.139317 seconds
  Import took 0.142208 seconds .

========================================================================
Received Import Request.
  Time since last request: 0.000184 seconds.
  path: Assets/Pixel Adventure 2/Assets/Enemies/AngryPig/Walk (36x30).png
  artifactKey: Guid(3315bdad18a105d49a220419bb2c813f) Importer(815301076,1909f56bfc062723c751e8b465ee728b)
Start importing Assets/Pixel Adventure 2/Assets/Enemies/AngryPig/Walk (36x30).png using Guid(3315bdad18a105d49a220419bb2c813f) Importer(815301076,1909f56bfc062723c751e8b465ee728b)  -> (artifact id: 'b98c310077fc21ecb329033d1bafe3ce') in 0.034427 seconds
  Import took 0.037185 seconds .

========================================================================
Received Import Request.
  Time since last request: 0.000282 seconds.
  path: Assets/Pixel Adventure 1/Assets/Traps/Saw/Off.png
  artifactKey: Guid(ca5ce7f3f3ac3bb499d37119b1867d7e) Importer(815301076,1909f56bfc062723c751e8b465ee728b)
Start importing Assets/Pixel Adventure 1/Assets/Traps/Saw/Off.png using Guid(ca5ce7f3f3ac3bb499d37119b1867d7e) Importer(815301076,1909f56bfc062723c751e8b465ee728b)  -> (artifact id: '100e128ebdd6a48cf187e9f4d59cc04f') in 0.018602 seconds
  Import took 0.021403 seconds .

========================================================================
Received Import Request.
  Time since last request: 0.000179 seconds.
  path: Assets/Levels/Level3/Jump (32x32).png
  artifactKey: Guid(61cbace6971625c4aa646712d589f7e4) Importer(815301076,1909f56bfc062723c751e8b465ee728b)
Start importing Assets/Levels/Level3/Jump (32x32).png using Guid(61cbace6971625c4aa646712d589f7e4) Importer(815301076,1909f56bfc062723c751e8b465ee728b)  -> (artifact id: '7bbcd112d23df2db61123de9b315f6ce') in 0.010574 seconds
  Import took 0.013447 seconds .

========================================================================
Received Import Request.
  Time since last request: 0.000181 seconds.
  path: Assets/Levels/Level4/Terrain Sliced (16x16).png
  artifactKey: Guid(bec23cf6376e1a04c842aeab1eb95d6f) Importer(815301076,1909f56bfc062723c751e8b465ee728b)
Start importing Assets/Levels/Level4/Terrain Sliced (16x16).png using Guid(bec23cf6376e1a04c842aeab1eb95d6f) Importer(815301076,1909f56bfc062723c751e8b465ee728b)  -> (artifact id: 'ee094ab738243a13faf6e4cbfa242a59') in 0.145416 seconds
  Import took 0.148459 seconds .

========================================================================
Received Import Request.
  Time since last request: 0.000143 seconds.
  path: Assets/Pixel Adventure 2/Assets/Enemies/Snail/Walk (38x24).png
  artifactKey: Guid(505391a19bb05954ea44a8929a7104ec) Importer(815301076,1909f56bfc062723c751e8b465ee728b)
Start importing Assets/Pixel Adventure 2/Assets/Enemies/Snail/Walk (38x24).png using Guid(505391a19bb05954ea44a8929a7104ec) Importer(815301076,1909f56bfc062723c751e8b465ee728b)  -> (artifact id: '4f131f8ef0c37872ab09878a1675a375') in 0.026598 seconds
  Import took 0.029274 seconds .

========================================================================
Received Import Request.
  Time since last request: 0.000165 seconds.
  path: Assets/Pixel Adventure 1/Assets/Traps/Fire/Off.png
  artifactKey: Guid(84b0d89aa2c8bfb4c8c1d378fa972fbd) Importer(815301076,1909f56bfc062723c751e8b465ee728b)
Start importing Assets/Pixel Adventure 1/Assets/Traps/Fire/Off.png using Guid(84b0d89aa2c8bfb4c8c1d378fa972fbd) Importer(815301076,1909f56bfc062723c751e8b465ee728b)  -> (artifact id: '2e141f5d3864c655903570b72a574be4') in 0.013561 seconds
  Import took 0.016199 seconds .

========================================================================
Received Import Request.
  Time since last request: 0.000183 seconds.
  path: Assets/Pixel Adventure 2/Assets/Enemies/Chameleon/Run (84x38).png
  artifactKey: Guid(5c876d5b9f3c75b409e35030dd07bc57) Importer(815301076,1909f56bfc062723c751e8b465ee728b)
Start importing Assets/Pixel Adventure 2/Assets/Enemies/Chameleon/Run (84x38).png using Guid(5c876d5b9f3c75b409e35030dd07bc57) Importer(815301076,1909f56bfc062723c751e8b465ee728b)  -> (artifact id: 'e6c43ea0c91e0e4b61c925eedc01763d') in 0.026045 seconds
  Import took 0.028774 seconds .

========================================================================
Received Import Request.
  Time since last request: 0.000193 seconds.
  path: Assets/Pixel Adventure 2/Assets/Enemies/Rocks/Rock3_Run (22x18).png
  artifactKey: Guid(6fb78d296f546aa4680350fd6e8e3315) Importer(815301076,1909f56bfc062723c751e8b465ee728b)
Start importing Assets/Pixel Adventure 2/Assets/Enemies/Rocks/Rock3_Run (22x18).png using Guid(6fb78d296f546aa4680350fd6e8e3315) Importer(815301076,1909f56bfc062723c751e8b465ee728b)  -> (artifact id: 'febd090980875515e8ddd9b3c2178d0b') in 0.028919 seconds
  Import took 0.031619 seconds .

========================================================================
Received Import Request.
  Time since last request: 0.000196 seconds.
  path: Assets/Pixel Adventure 2/Assets/Enemies/Bat/Flying (46x30).png
  artifactKey: Guid(d2de0d5d65de6fe4c819bae5f4e4c117) Importer(815301076,1909f56bfc062723c751e8b465ee728b)
Start importing Assets/Pixel Adventure 2/Assets/Enemies/Bat/Flying (46x30).png using Guid(d2de0d5d65de6fe4c819bae5f4e4c117) Importer(815301076,1909f56bfc062723c751e8b465ee728b)  -> (artifact id: '0e238d01a6139128ee98926971369107') in 0.024907 seconds
  Import took 0.028068 seconds .

========================================================================
Received Import Request.
  Time since last request: 0.000206 seconds.
  path: Assets/Pixel Adventure 2/Assets/Enemies/Duck/Idle (36x36).png
  artifactKey: Guid(35e086690f09c9f46aa162a5be5a4133) Importer(815301076,1909f56bfc062723c751e8b465ee728b)
Start importing Assets/Pixel Adventure 2/Assets/Enemies/Duck/Idle (36x36).png using Guid(35e086690f09c9f46aa162a5be5a4133) Importer(815301076,1909f56bfc062723c751e8b465ee728b)  -> (artifact id: '2d24ce79568bbcf7ca9c0867114fe642') in 0.026618 seconds
  Import took 0.029394 seconds .

========================================================================
Received Import Request.
  Time since last request: 0.000186 seconds.
  path: Assets/Pixel Adventure 2/Assets/Enemies/Plant/Bullet.png
  artifactKey: Guid(d700391178f61c3488cd257e7e7a81bf) Importer(815301076,1909f56bfc062723c751e8b465ee728b)
Start importing Assets/Pixel Adventure 2/Assets/Enemies/Plant/Bullet.png using Guid(d700391178f61c3488cd257e7e7a81bf) Importer(815301076,1909f56bfc062723c751e8b465ee728b)  -> (artifact id: '5ecae08ac76785c1f12f1b8742820151') in 0.013517 seconds
  Import took 0.016339 seconds .

========================================================================
Received Import Request.
  Time since last request: 0.000178 seconds.
  path: Assets/Levels/Finish/Run (32x32).png
  artifactKey: Guid(0d6177328d22fe547b4a1690095c9f0c) Importer(815301076,1909f56bfc062723c751e8b465ee728b)
Start importing Assets/Levels/Finish/Run (32x32).png using Guid(0d6177328d22fe547b4a1690095c9f0c) Importer(815301076,1909f56bfc062723c751e8b465ee728b)  -> (artifact id: '6e5530e3cd03e1a5d531a0264a1d7b9a') in 0.025537 seconds
  Import took 0.028568 seconds .

========================================================================
Received Import Request.
  Time since last request: 0.000190 seconds.
  path: Assets/Pixel Adventure 1/Assets/Traps/Fan/Off.png
  artifactKey: Guid(1f268b33cadc6104287b8111b824e1e8) Importer(815301076,1909f56bfc062723c751e8b465ee728b)
Start importing Assets/Pixel Adventure 1/Assets/Traps/Fan/Off.png using Guid(1f268b33cadc6104287b8111b824e1e8) Importer(815301076,1909f56bfc062723c751e8b465ee728b)  -> (artifact id: '504d2640cc67d19a1c814495ff60d02a') in 0.013654 seconds
  Import took 0.016422 seconds .

========================================================================
Received Import Request.
  Time since last request: 0.000176 seconds.
  path: Assets/Levels/Level3/Checkpoint (No Flag).png
  artifactKey: Guid(97aa6ccc5c27a834f999e0178d4c461f) Importer(815301076,1909f56bfc062723c751e8b465ee728b)
Start importing Assets/Levels/Level3/Checkpoint (No Flag).png using Guid(97aa6ccc5c27a834f999e0178d4c461f) Importer(815301076,1909f56bfc062723c751e8b465ee728b)  -> (artifact id: '559de09b7cafa579c0003fbfcba3f269') in 0.010976 seconds
  Import took 0.013775 seconds .

========================================================================
Received Import Request.
  Time since last request: 0.000146 seconds.
  path: Assets/Pixel Adventure 2/Assets/Enemies/Bat/Ceiling Out (46x30).png
  artifactKey: Guid(18ded7077989ed04d8cbeaad2545a2b1) Importer(815301076,1909f56bfc062723c751e8b465ee728b)
Start importing Assets/Pixel Adventure 2/Assets/Enemies/Bat/Ceiling Out (46x30).png using Guid(18ded7077989ed04d8cbeaad2545a2b1) Importer(815301076,1909f56bfc062723c751e8b465ee728b)  -> (artifact id: 'af6cc8b863500dc4d646356618d070d1') in 0.025839 seconds
  Import took 0.028708 seconds .

========================================================================
Received Import Request.
  Time since last request: 0.000206 seconds.
  path: Assets/Pixel Adventure 2/Assets/Enemies/Ghost/Idle (44x30).png
  artifactKey: Guid(d4f2f936f814df24fb7559370c465cdc) Importer(815301076,1909f56bfc062723c751e8b465ee728b)
Start importing Assets/Pixel Adventure 2/Assets/Enemies/Ghost/Idle (44x30).png using Guid(d4f2f936f814df24fb7559370c465cdc) Importer(815301076,1909f56bfc062723c751e8b465ee728b)  -> (artifact id: '8d0b1e5a3b1584632c56e15144b00d8d') in 0.031751 seconds
  Import took 0.034848 seconds .

========================================================================
Received Import Request.
  Time since last request: 0.000199 seconds.
  path: Assets/Levels/Finish/Checkpoint (Flag Out) (64x64).png
  artifactKey: Guid(0fef5d9949d2e514abbd3f6092cc2373) Importer(815301076,1909f56bfc062723c751e8b465ee728b)
Start importing Assets/Levels/Finish/Checkpoint (Flag Out) (64x64).png using Guid(0fef5d9949d2e514abbd3f6092cc2373) Importer(815301076,1909f56bfc062723c751e8b465ee728b)  -> (artifact id: '1b90017a6da708452cb8015d76c3b084') in 0.044798 seconds
  Import took 0.047501 seconds .

========================================================================
Received Import Request.
  Time since last request: 0.000186 seconds.
  path: Assets/Levels/Finish/Jump (32x32).png
  artifactKey: Guid(43f61339c117f8d469da63e949e512ed) Importer(815301076,1909f56bfc062723c751e8b465ee728b)
Start importing Assets/Levels/Finish/Jump (32x32).png using Guid(43f61339c117f8d469da63e949e512ed) Importer(815301076,1909f56bfc062723c751e8b465ee728b)  -> (artifact id: '6689d1f414546dd99ae35e51c68f5385') in 0.010728 seconds
  Import took 0.013628 seconds .

========================================================================
Received Import Request.
  Time since last request: 0.000153 seconds.
  path: Assets/Pixel Adventure 1/Assets/Traps/Falling Platforms/Off.png
  artifactKey: Guid(99329b87c11d1ee4f8d328e269a7073b) Importer(815301076,1909f56bfc062723c751e8b465ee728b)
Start importing Assets/Pixel Adventure 1/Assets/Traps/Falling Platforms/Off.png using Guid(99329b87c11d1ee4f8d328e269a7073b) Importer(815301076,1909f56bfc062723c751e8b465ee728b)  -> (artifact id: 'b0f63a94b145db1b035fff098c6060a2') in 0.015039 seconds
  Import took 0.017855 seconds .

========================================================================
Received Import Request.
  Time since last request: 0.000192 seconds.
  path: Assets/Pixel Adventure 2/Assets/Enemies/Duck/Jump Anticipation (36x36).png
  artifactKey: Guid(424cf879be82f4745858acac29c12ee3) Importer(815301076,1909f56bfc062723c751e8b465ee728b)
Start importing Assets/Pixel Adventure 2/Assets/Enemies/Duck/Jump Anticipation (36x36).png using Guid(424cf879be82f4745858acac29c12ee3) Importer(815301076,1909f56bfc062723c751e8b465ee728b)  -> (artifact id: 'f33215502453a1bf60ee0aa999dfdfe7') in 0.019900 seconds
  Import took 0.022743 seconds .

========================================================================
Received Import Request.
  Time since last request: 0.000237 seconds.
  path: Assets/Levels/Level3/Blue.png
  artifactKey: Guid(c7de1b453763fc84e9e68ff9a40a1de0) Importer(815301076,1909f56bfc062723c751e8b465ee728b)
Start importing Assets/Levels/Level3/Blue.png using Guid(c7de1b453763fc84e9e68ff9a40a1de0) Importer(815301076,1909f56bfc062723c751e8b465ee728b)  -> (artifact id: 'fe3742d44d2560fbfa9d36eefd2be571') in 0.014143 seconds
  Import took 0.016982 seconds .

========================================================================
Received Import Request.
  Time since last request: 0.000235 seconds.
  path: Assets/Levels/Finish/Checkpoint (No Flag).png
  artifactKey: Guid(f7a9ae96cb77429419651b3aae79f1b9) Importer(815301076,1909f56bfc062723c751e8b465ee728b)
Start importing Assets/Levels/Finish/Checkpoint (No Flag).png using Guid(f7a9ae96cb77429419651b3aae79f1b9) Importer(815301076,1909f56bfc062723c751e8b465ee728b)  -> (artifact id: '20c3e38809cb3e6c25819113313683f6') in 0.010915 seconds
  Import took 0.013694 seconds .

========================================================================
Received Import Request.
  Time since last request: 0.000193 seconds.
  path: Assets/Pixel Adventure 1/Assets/Traps/Saw/Chain.png
  artifactKey: Guid(c67ce4f5bcebc8943a10698b6614f86f) Importer(815301076,1909f56bfc062723c751e8b465ee728b)
Start importing Assets/Pixel Adventure 1/Assets/Traps/Saw/Chain.png using Guid(c67ce4f5bcebc8943a10698b6614f86f) Importer(815301076,1909f56bfc062723c751e8b465ee728b)  -> (artifact id: '1ed576a650f95b584a89c8a0ac6bc139') in 0.013412 seconds
  Import took 0.016366 seconds .

========================================================================
Received Import Request.
  Time since last request: 0.000187 seconds.
  path: Assets/Pixel Adventure 2/Assets/Enemies/Bee/Idle (36x34).png
  artifactKey: Guid(8721cbbfe3ba6a8418cd21a8de3a410c) Importer(815301076,1909f56bfc062723c751e8b465ee728b)
Start importing Assets/Pixel Adventure 2/Assets/Enemies/Bee/Idle (36x34).png using Guid(8721cbbfe3ba6a8418cd21a8de3a410c) Importer(815301076,1909f56bfc062723c751e8b465ee728b)  -> (artifact id: '9da7fb613562a9aa63156a67d770ae13') in 0.022805 seconds
  Import took 0.025492 seconds .

========================================================================
Received Import Request.
  Time since last request: 0.000181 seconds.
  path: Assets/Pixel Adventure 2/Assets/Enemies/Rocks/Rock2_Run (32x28).png
  artifactKey: Guid(341181c8b3919d64b850c988c806bd91) Importer(815301076,1909f56bfc062723c751e8b465ee728b)
Start importing Assets/Pixel Adventure 2/Assets/Enemies/Rocks/Rock2_Run (32x28).png using Guid(341181c8b3919d64b850c988c806bd91) Importer(815301076,1909f56bfc062723c751e8b465ee728b)  -> (artifact id: 'b8b3f6732e854d55f4d5c2a94bdcb504') in 0.032322 seconds
  Import took 0.035257 seconds .

========================================================================
Received Import Request.
  Time since last request: 0.000250 seconds.
  path: Assets/Pixel Adventure 2/Assets/Enemies/Bee/Bullet Pieces (16x16).png
  artifactKey: Guid(5cdecb593477c59478ebc0b2d9695ae6) Importer(815301076,1909f56bfc062723c751e8b465ee728b)
Start importing Assets/Pixel Adventure 2/Assets/Enemies/Bee/Bullet Pieces (16x16).png using Guid(5cdecb593477c59478ebc0b2d9695ae6) Importer(815301076,1909f56bfc062723c751e8b465ee728b)  -> (artifact id: '2650d793ad0156ce659d740d8aea2b0f') in 0.014316 seconds
  Import took 0.017097 seconds .

========================================================================
Received Import Request.
  Time since last request: 0.000191 seconds.
  path: Assets/Pixel Adventure 2/Assets/Enemies/Bat/Ceiling In (46x30).png
  artifactKey: Guid(9cfc0116f92113a459a7e02f469b0abf) Importer(815301076,1909f56bfc062723c751e8b465ee728b)
Start importing Assets/Pixel Adventure 2/Assets/Enemies/Bat/Ceiling In (46x30).png using Guid(9cfc0116f92113a459a7e02f469b0abf) Importer(815301076,1909f56bfc062723c751e8b465ee728b)  -> (artifact id: '21fa2d108f1d9dac78e3d018903cbb87') in 0.024495 seconds
  Import took 0.027479 seconds .

========================================================================
Received Import Request.
  Time since last request: 0.000177 seconds.
  path: Assets/Levels/Level4/Run (32x32).png
  artifactKey: Guid(e45db3c072b66d84f9e2363b05b15b3d) Importer(815301076,1909f56bfc062723c751e8b465ee728b)
Start importing Assets/Levels/Level4/Run (32x32).png using Guid(e45db3c072b66d84f9e2363b05b15b3d) Importer(815301076,1909f56bfc062723c751e8b465ee728b)  -> (artifact id: '107f64df584c5f6fd829438d1a6e9a5b') in 0.026205 seconds
  Import took 0.028877 seconds .

========================================================================
Received Import Request.
  Time since last request: 2.520790 seconds.
  path: Assets/Pixel Adventure 2/Assets/Enemies/Turtle/Spikes in (44x26).png
  artifactKey: Guid(e6fc6dc4e21030043abfa53d019c42ec) Importer(815301076,1909f56bfc062723c751e8b465ee728b)
Start importing Assets/Pixel Adventure 2/Assets/Enemies/Turtle/Spikes in (44x26).png using Guid(e6fc6dc4e21030043abfa53d019c42ec) Importer(815301076,1909f56bfc062723c751e8b465ee728b)  -> (artifact id: '2119cbdda2de49ff192e6be96cef8640') in 0.024286 seconds
  Import took 0.027174 seconds .

========================================================================
Received Import Request.
  Time since last request: 0.000230 seconds.
  path: Assets/Pixel Adventure 2/Assets/Enemies/Snail/Shell Wall Hit (38x24).png
  artifactKey: Guid(e7cc2fad4013ab448a4063d876b18a47) Importer(815301076,1909f56bfc062723c751e8b465ee728b)
Start importing Assets/Pixel Adventure 2/Assets/Enemies/Snail/Shell Wall Hit (38x24).png using Guid(e7cc2fad4013ab448a4063d876b18a47) Importer(815301076,1909f56bfc062723c751e8b465ee728b)  -> (artifact id: 'efe365f81caf2984048bdb579a74b4f2') in 0.020744 seconds
  Import took 0.023680 seconds .

========================================================================
Received Import Request.
  Time since last request: 0.000224 seconds.
  path: Assets/Pixel Adventure 1/Assets/Traps/Spiked Ball/Spiked Ball.png
  artifactKey: Guid(60e5d93de53da5642a38fce5925c3efa) Importer(815301076,1909f56bfc062723c751e8b465ee728b)
Start importing Assets/Pixel Adventure 1/Assets/Traps/Spiked Ball/Spiked Ball.png using Guid(60e5d93de53da5642a38fce5925c3efa) Importer(815301076,1909f56bfc062723c751e8b465ee728b)  -> (artifact id: '5cc965e6fd227768a2420c93106695d0') in 0.018672 seconds
  Import took 0.021491 seconds .

========================================================================
Received Import Request.
  Time since last request: 0.000168 seconds.
  path: Assets/Pixel Adventure 2/Assets/Enemies/Snail/Shell Idle (38x24).png
  artifactKey: Guid(4c94a2511c19b0c4f99ce29c30d9ee7a) Importer(815301076,1909f56bfc062723c751e8b465ee728b)
Start importing Assets/Pixel Adventure 2/Assets/Enemies/Snail/Shell Idle (38x24).png using Guid(4c94a2511c19b0c4f99ce29c30d9ee7a) Importer(815301076,1909f56bfc062723c751e8b465ee728b)  -> (artifact id: 'b8f8ec441a6148d460b3705f3cb56f9a') in 0.022598 seconds
  Import took 0.025216 seconds .

========================================================================
Received Import Request.
  Time since last request: 0.000225 seconds.
  path: Assets/Pixel Adventure 2/Assets/Enemies/Snail/Snail without shell.png
  artifactKey: Guid(3aad790845ea9f14a9e5da10a5d3f856) Importer(815301076,1909f56bfc062723c751e8b465ee728b)
Start importing Assets/Pixel Adventure 2/Assets/Enemies/Snail/Snail without shell.png using Guid(3aad790845ea9f14a9e5da10a5d3f856) Importer(815301076,1909f56bfc062723c751e8b465ee728b)  -> (artifact id: 'a733d2c384417a199f5089bd84f98c2c') in 0.017327 seconds
  Import took 0.020152 seconds .

========================================================================
Received Import Request.
  Time since last request: 0.000237 seconds.
  path: Assets/Pixel Adventure 2/Assets/Enemies/Snail/Shell Top Hit (38x24).png
  artifactKey: Guid(64951a2895af28a48b49917b3da38240) Importer(815301076,1909f56bfc062723c751e8b465ee728b)
Start importing Assets/Pixel Adventure 2/Assets/Enemies/Snail/Shell Top Hit (38x24).png using Guid(64951a2895af28a48b49917b3da38240) Importer(815301076,1909f56bfc062723c751e8b465ee728b)  -> (artifact id: '24bcbf81a327b144443eb698a4cc5fbe') in 0.022253 seconds
  Import took 0.025100 seconds .

========================================================================
Received Import Request.
  Time since last request: 0.002440 seconds.
  path: Assets/Pixel Adventure 2/Assets/Enemies/AngryPig/Run (36x30).png
  artifactKey: Guid(6991e54fe8bb5724bafb4aba16583d49) Importer(815301076,1909f56bfc062723c751e8b465ee728b)
Start importing Assets/Pixel Adventure 2/Assets/Enemies/AngryPig/Run (36x30).png using Guid(6991e54fe8bb5724bafb4aba16583d49) Importer(815301076,1909f56bfc062723c751e8b465ee728b)  -> (artifact id: '4b4e0ed207b3a323765ba226ef21dfa6') in 0.029197 seconds
  Import took 0.032087 seconds .

========================================================================
Received Import Request.
  Time since last request: 0.000133 seconds.
  path: Assets/Pixel Adventure 2/Assets/Enemies/Bunny/Run (34x44).png
  artifactKey: Guid(aec37b825939c4640ba5db40252ff5e7) Importer(815301076,1909f56bfc062723c751e8b465ee728b)
Start importing Assets/Pixel Adventure 2/Assets/Enemies/Bunny/Run (34x44).png using Guid(aec37b825939c4640ba5db40252ff5e7) Importer(815301076,1909f56bfc062723c751e8b465ee728b)  -> (artifact id: 'd7624b353ecfdd55c5fdc5d65844c7cf') in 0.031663 seconds
  Import took 0.034547 seconds .

========================================================================
Received Import Request.
  Time since last request: 0.000194 seconds.
  path: Assets/Pixel Adventure 2/Assets/Enemies/Chicken/Run (32x34).png
  artifactKey: Guid(505531a920a60324aa02b4ed57eba7a3) Importer(815301076,1909f56bfc062723c751e8b465ee728b)
Start importing Assets/Pixel Adventure 2/Assets/Enemies/Chicken/Run (32x34).png using Guid(505531a920a60324aa02b4ed57eba7a3) Importer(815301076,1909f56bfc062723c751e8b465ee728b)  -> (artifact id: '9315cee9619147f8591cbd6f22607779') in 0.032192 seconds
  Import took 0.035118 seconds .

========================================================================
Received Import Request.
  Time since last request: 0.000177 seconds.
  path: Assets/Pixel Adventure 2/Assets/Enemies/Rino/Run (52x34).png
  artifactKey: Guid(5f6e4279b73f74146bcf36013201d778) Importer(815301076,1909f56bfc062723c751e8b465ee728b)
Start importing Assets/Pixel Adventure 2/Assets/Enemies/Rino/Run (52x34).png using Guid(5f6e4279b73f74146bcf36013201d778) Importer(815301076,1909f56bfc062723c751e8b465ee728b)  -> (artifact id: 'd209eb479e2739eb1ffa4c174b8b3757') in 0.022795 seconds
  Import took 0.025307 seconds .

========================================================================
Received Import Request.
  Time since last request: 0.441247 seconds.
  path: Assets/Pixel Adventure 2/Assets/Enemies/Radish/Run (30x38).png
  artifactKey: Guid(3714f31227c136a4ab2e9544f5e109d4) Importer(815301076,1909f56bfc062723c751e8b465ee728b)
Start importing Assets/Pixel Adventure 2/Assets/Enemies/Radish/Run (30x38).png using Guid(3714f31227c136a4ab2e9544f5e109d4) Importer(815301076,1909f56bfc062723c751e8b465ee728b)  -> (artifact id: '2192d16adfcf9e21e0730e3b807c1a88') in 0.031656 seconds
  Import took 0.034962 seconds .

========================================================================
Received Import Request.
  Time since last request: 0.091934 seconds.
  path: Assets/Pixel Adventure 2/Assets/Enemies/Rocks/Rock2_Idle (32x28).png
  artifactKey: Guid(f7ea70eedecbfe34a93819309bcaf901) Importer(815301076,1909f56bfc062723c751e8b465ee728b)
Start importing Assets/Pixel Adventure 2/Assets/Enemies/Rocks/Rock2_Idle (32x28).png using Guid(f7ea70eedecbfe34a93819309bcaf901) Importer(815301076,1909f56bfc062723c751e8b465ee728b)  -> (artifact id: '4007c2f6e882b0ef77e99a5dce668838') in 0.028623 seconds
  Import took 0.031237 seconds .

========================================================================
Received Import Request.
  Time since last request: 0.000170 seconds.
  path: Assets/Pixel Adventure 2/Assets/Enemies/Rocks/Rock2_Hit (32x28).png
  artifactKey: Guid(92efab9bd840360409c373740e5e3482) Importer(815301076,1909f56bfc062723c751e8b465ee728b)
Start importing Assets/Pixel Adventure 2/Assets/Enemies/Rocks/Rock2_Hit (32x28).png using Guid(92efab9bd840360409c373740e5e3482) Importer(815301076,1909f56bfc062723c751e8b465ee728b)  -> (artifact id: '39406b25077d76e5b472b0a1a1fe61f8') in 0.016085 seconds
  Import took 0.018496 seconds .

========================================================================
Received Import Request.
  Time since last request: 0.034029 seconds.
  path: Assets/Pixel Adventure 2/Assets/Enemies/Rocks/Rock1_Run (38x34).png
  artifactKey: Guid(d1c070b3909c48f449d850c642705e8f) Importer(815301076,1909f56bfc062723c751e8b465ee728b)
Start importing Assets/Pixel Adventure 2/Assets/Enemies/Rocks/Rock1_Run (38x34).png using Guid(d1c070b3909c48f449d850c642705e8f) Importer(815301076,1909f56bfc062723c751e8b465ee728b)  -> (artifact id: '72fe06ce96ad26a3bfaff26d241c9761') in 0.028114 seconds
  Import took 0.030869 seconds .

========================================================================
Received Import Request.
  Time since last request: 0.000177 seconds.
  path: Assets/Pixel Adventure 2/Assets/Enemies/Rocks/Rock1_Idle (38x34).png
  artifactKey: Guid(419f1f3d5fcf8204389dd119348a56e1) Importer(815301076,1909f56bfc062723c751e8b465ee728b)
Start importing Assets/Pixel Adventure 2/Assets/Enemies/Rocks/Rock1_Idle (38x34).png using Guid(419f1f3d5fcf8204389dd119348a56e1) Importer(815301076,1909f56bfc062723c751e8b465ee728b)  -> (artifact id: '0219d2994f1d30af0e98157e25611e15') in 0.032113 seconds
  Import took 0.034670 seconds .

========================================================================
Received Import Request.
  Time since last request: 0.000678 seconds.
  path: Assets/Pixel Adventure 2/Assets/Enemies/Rocks/Rock1_Hit.png
  artifactKey: Guid(ecdfd8900a81d544cbd663d04322b012) Importer(815301076,1909f56bfc062723c751e8b465ee728b)
Start importing Assets/Pixel Adventure 2/Assets/Enemies/Rocks/Rock1_Hit.png using Guid(ecdfd8900a81d544cbd663d04322b012) Importer(815301076,1909f56bfc062723c751e8b465ee728b)  -> (artifact id: '19059dc74ee591421aae4b214b62ab90') in 0.019405 seconds
  Import took 0.023350 seconds .

========================================================================
Received Import Request.
  Time since last request: 0.000285 seconds.
  path: Assets/Pixel Adventure 2/Assets/Enemies/Skull/Red Particle.png
  artifactKey: Guid(a9a2e792e09a33b428d70b813df6a1db) Importer(815301076,1909f56bfc062723c751e8b465ee728b)
Start importing Assets/Pixel Adventure 2/Assets/Enemies/Skull/Red Particle.png using Guid(a9a2e792e09a33b428d70b813df6a1db) Importer(815301076,1909f56bfc062723c751e8b465ee728b)  -> (artifact id: '5b25745a0936374bf61f0c9a0534a8aa') in 0.019005 seconds
  Import took 0.022804 seconds .

========================================================================
Received Import Request.
  Time since last request: 0.030561 seconds.
  path: Assets/Pixel Adventure 2/Assets/Enemies/Slime/Particles (16x16).png
  artifactKey: Guid(f2327ba2ad755d74682ebf3174417e5c) Importer(815301076,1909f56bfc062723c751e8b465ee728b)
Start importing Assets/Pixel Adventure 2/Assets/Enemies/Slime/Particles (16x16).png using Guid(f2327ba2ad755d74682ebf3174417e5c) Importer(815301076,1909f56bfc062723c751e8b465ee728b)  -> (artifact id: 'e50f40770f609aa985723212baa515dc') in 0.028559 seconds
  Import took 0.042059 seconds .

========================================================================
Received Import Request.
  Time since last request: 0.000156 seconds.
  path: Assets/Pixel Adventure 2/Assets/Enemies/Skull/Orange Particle.png
  artifactKey: Guid(d7495c5e35505cb47abb635609d9e934) Importer(815301076,1909f56bfc062723c751e8b465ee728b)
Start importing Assets/Pixel Adventure 2/Assets/Enemies/Skull/Orange Particle.png using Guid(d7495c5e35505cb47abb635609d9e934) Importer(815301076,1909f56bfc062723c751e8b465ee728b)  -> (artifact id: '7581bbd4595ae6d9c00a90ad7a010a10') in 0.017305 seconds
  Import took 0.020173 seconds .

========================================================================
Received Import Request.
  Time since last request: 0.000048 seconds.
  path: Assets/Pixel Adventure 1/Assets/Traps/Saw/On (38x38).png
  artifactKey: Guid(c016f0eb0a188a14ab7f86d910097523) Importer(815301076,1909f56bfc062723c751e8b465ee728b)
Start importing Assets/Pixel Adventure 1/Assets/Traps/Saw/On (38x38).png using Guid(c016f0eb0a188a14ab7f86d910097523) Importer(815301076,1909f56bfc062723c751e8b465ee728b)  -> (artifact id: '9e690d03abfa7c1de794a296933ee730') in 0.025045 seconds
  Import took 0.027939 seconds .

========================================================================
Received Import Request.
  Time since last request: 0.000126 seconds.
  path: Assets/Pixel Adventure 1/Assets/Traps/Fan/On (24x8).png
  artifactKey: Guid(7c645aea6faf2564aa5917bd4ca765ea) Importer(815301076,1909f56bfc062723c751e8b465ee728b)
Start importing Assets/Pixel Adventure 1/Assets/Traps/Fan/On (24x8).png using Guid(7c645aea6faf2564aa5917bd4ca765ea) Importer(815301076,1909f56bfc062723c751e8b465ee728b)  -> (artifact id: '83289a07fd386125d7e10541d1765f80') in 0.019833 seconds
  Import took 0.022438 seconds .

========================================================================
Received Import Request.
  Time since last request: 0.000133 seconds.
  path: Assets/Pixel Adventure 1/Assets/Traps/Falling Platforms/On (32x10).png
  artifactKey: Guid(a8be9d80391091641bb9404b3f4dd067) Importer(815301076,1909f56bfc062723c751e8b465ee728b)
Start importing Assets/Pixel Adventure 1/Assets/Traps/Falling Platforms/On (32x10).png using Guid(a8be9d80391091641bb9404b3f4dd067) Importer(815301076,1909f56bfc062723c751e8b465ee728b)  -> (artifact id: 'e228fd3abf0ed474ad22d8cf6c86dc08') in 0.021263 seconds
  Import took 0.024234 seconds .

========================================================================
Received Import Request.
  Time since last request: 0.030767 seconds.
  path: Assets/Pixel Adventure 1/Assets/Traps/Fire/On (16x32).png
  artifactKey: Guid(3c112a44cc7dc7a468f4d132c2e7611c) Importer(815301076,1909f56bfc062723c751e8b465ee728b)
Start importing Assets/Pixel Adventure 1/Assets/Traps/Fire/On (16x32).png using Guid(3c112a44cc7dc7a468f4d132c2e7611c) Importer(815301076,1909f56bfc062723c751e8b465ee728b)  -> (artifact id: '25632e71a87fe74f02dd59be999634c2') in 0.018146 seconds
  Import took 0.021059 seconds .

========================================================================
Received Import Request.
  Time since last request: 0.335008 seconds.
  path: Assets/Pixel Adventure 2/Assets/Enemies/Radish/Idle 2 (30x38).png
  artifactKey: Guid(25a8550c1c9d550409ba5345a9a97ad2) Importer(815301076,1909f56bfc062723c751e8b465ee728b)
Start importing Assets/Pixel Adventure 2/Assets/Enemies/Radish/Idle 2 (30x38).png using Guid(25a8550c1c9d550409ba5345a9a97ad2) Importer(815301076,1909f56bfc062723c751e8b465ee728b)  -> (artifact id: 'a7a759b2ae029a2b49fceb9a19e1d759') in 0.028993 seconds
  Import took 0.032141 seconds .

========================================================================
Received Import Request.
  Time since last request: 0.000232 seconds.
  path: Assets/Pixel Adventure 2/Assets/Enemies/Skull/Idle 1 (52x54).png
  artifactKey: Guid(045eb5e1f0cbc424e9a8eed9eaf27bf8) Importer(815301076,1909f56bfc062723c751e8b465ee728b)
Start importing Assets/Pixel Adventure 2/Assets/Enemies/Skull/Idle 1 (52x54).png using Guid(045eb5e1f0cbc424e9a8eed9eaf27bf8) Importer(815301076,1909f56bfc062723c751e8b465ee728b)  -> (artifact id: '7ae7e6f7c049da47ed34b3534957d7be') in 0.030187 seconds
  Import took 0.033244 seconds .

========================================================================
Received Import Request.
  Time since last request: 0.000255 seconds.
  path: Assets/Pixel Adventure 2/Assets/Enemies/Turtle/Idle 1 (44x26).png
  artifactKey: Guid(81599edd816625a4394b87c55bc6d552) Importer(815301076,1909f56bfc062723c751e8b465ee728b)
Start importing Assets/Pixel Adventure 2/Assets/Enemies/Turtle/Idle 1 (44x26).png using Guid(81599edd816625a4394b87c55bc6d552) Importer(815301076,1909f56bfc062723c751e8b465ee728b)  -> (artifact id: '385b4747d8dabfbd4a83f645faa037f5') in 0.034007 seconds
  Import took 0.036718 seconds .

========================================================================
Received Import Request.
  Time since last request: 0.438194 seconds.
  path: Assets/Pixel Adventure 2/Assets/Enemies/Bunny/Idle (34x44).png
  artifactKey: Guid(070a0fea8d7c56647b4a4a1bf7feb63e) Importer(815301076,1909f56bfc062723c751e8b465ee728b)
Start importing Assets/Pixel Adventure 2/Assets/Enemies/Bunny/Idle (34x44).png using Guid(070a0fea8d7c56647b4a4a1bf7feb63e) Importer(815301076,1909f56bfc062723c751e8b465ee728b)  -> (artifact id: 'a51ba9d4f49f4682f76a6f3241e6fc61') in 0.024667 seconds
  Import took 0.027564 seconds .

========================================================================
Received Import Request.
  Time since last request: 0.002082 seconds.
  path: Assets/Pixel Adventure 2/Assets/Enemies/Chicken/Idle (32x34).png
  artifactKey: Guid(f729d6acae7cd754a864abda75a4bbd7) Importer(815301076,1909f56bfc062723c751e8b465ee728b)
Start importing Assets/Pixel Adventure 2/Assets/Enemies/Chicken/Idle (32x34).png using Guid(f729d6acae7cd754a864abda75a4bbd7) Importer(815301076,1909f56bfc062723c751e8b465ee728b)  -> (artifact id: '2a455a8e230225a9a44ca304e2da9270') in 0.031674 seconds
  Import took 0.034371 seconds .

========================================================================
Received Import Request.
  Time since last request: 0.606225 seconds.
  path: Assets/Levels/Finish/Idle.png
  artifactKey: Guid(9ab4dcb5f909ad44bab86130f8c64577) Importer(815301076,1909f56bfc062723c751e8b465ee728b)
Start importing Assets/Levels/Finish/Idle.png using Guid(9ab4dcb5f909ad44bab86130f8c64577) Importer(815301076,1909f56bfc062723c751e8b465ee728b)  -> (artifact id: 'e4ea58759f41ca2e695b6a0d339479a3') in 0.016629 seconds
  Import took 0.019684 seconds .

========================================================================
Received Import Request.
  Time since last request: 0.003629 seconds.
  path: Assets/Levels/Finish/Idle.png
  artifactKey: Guid(9ab4dcb5f909ad44bab86130f8c64577) Importer(815301076,1909f56bfc062723c751e8b465ee728b)
Start importing Assets/Levels/Finish/Idle.png using Guid(9ab4dcb5f909ad44bab86130f8c64577) Importer(815301076,1909f56bfc062723c751e8b465ee728b)  -> (artifact id: 'e4ea58759f41ca2e695b6a0d339479a3') in 0.007677 seconds
  Import took 0.010756 seconds .

========================================================================
Received Import Request.
  Time since last request: 0.038206 seconds.
  path: Assets/Pixel Adventure 2/Assets/Enemies/Plant/Hit (44x42).png
  artifactKey: Guid(99a6f8d881d96d045a18fa94cfb5b914) Importer(815301076,1909f56bfc062723c751e8b465ee728b)
Start importing Assets/Pixel Adventure 2/Assets/Enemies/Plant/Hit (44x42).png using Guid(99a6f8d881d96d045a18fa94cfb5b914) Importer(815301076,1909f56bfc062723c751e8b465ee728b)  -> (artifact id: '52260d1b47fa972a19c6807bfdf1ce89') in 0.023248 seconds
  Import took 0.026324 seconds .

========================================================================
Received Import Request.
  Time since last request: 0.000214 seconds.
  path: Assets/Pixel Adventure 2/Assets/Enemies/Bunny/Hit (34x44).png
  artifactKey: Guid(48fabbf5f431fee489fc720634fea0b6) Importer(815301076,1909f56bfc062723c751e8b465ee728b)
Start importing Assets/Pixel Adventure 2/Assets/Enemies/Bunny/Hit (34x44).png using Guid(48fabbf5f431fee489fc720634fea0b6) Importer(815301076,1909f56bfc062723c751e8b465ee728b)  -> (artifact id: '8ef8e9c3be5c5d4384717c58dfac1d31') in 0.022585 seconds
  Import took 0.025216 seconds .

========================================================================
Received Import Request.
  Time since last request: 0.000249 seconds.
  path: Assets/Pixel Adventure 2/Assets/Enemies/Chicken/Hit (32x34).png
  artifactKey: Guid(23316aba36e680643b65700c107f2b36) Importer(815301076,1909f56bfc062723c751e8b465ee728b)
Start importing Assets/Pixel Adventure 2/Assets/Enemies/Chicken/Hit (32x34).png using Guid(23316aba36e680643b65700c107f2b36) Importer(815301076,1909f56bfc062723c751e8b465ee728b)  -> (artifact id: '75dc0e9f3af4c8948800e7d06745cd59') in 0.022698 seconds
  Import took 0.025611 seconds .

========================================================================
Received Import Request.
  Time since last request: 0.000176 seconds.
  path: Assets/Pixel Adventure 2/Assets/Enemies/Rino/Hit (52x34).png
  artifactKey: Guid(0d45a0d8b949d0a4e9eafdc24f22ef64) Importer(815301076,1909f56bfc062723c751e8b465ee728b)
Start importing Assets/Pixel Adventure 2/Assets/Enemies/Rino/Hit (52x34).png using Guid(0d45a0d8b949d0a4e9eafdc24f22ef64) Importer(815301076,1909f56bfc062723c751e8b465ee728b)  -> (artifact id: 'b11eaf8fd9247c1f6db5ae8a313d811b') in 0.023538 seconds
  Import took 0.025924 seconds .

========================================================================
Received Import Request.
  Time since last request: 0.000182 seconds.
  path: Assets/Pixel Adventure 2/Assets/Enemies/Bat/Hit (46x30).png
  artifactKey: Guid(f5cacef1cf4f89f40a43f057681f4b47) Importer(815301076,1909f56bfc062723c751e8b465ee728b)
Start importing Assets/Pixel Adventure 2/Assets/Enemies/Bat/Hit (46x30).png using Guid(f5cacef1cf4f89f40a43f057681f4b47) Importer(815301076,1909f56bfc062723c751e8b465ee728b)  -> (artifact id: '973dcdf5ca891c2a43fc14571b6c0ab5') in 0.022788 seconds
  Import took 0.025619 seconds .

========================================================================
Received Import Request.
  Time since last request: 0.101337 seconds.
  path: Assets/Pixel Adventure 2/Assets/Enemies/FatBird/Fall (40x48).png
  artifactKey: Guid(0b35535918bf72f4a9f6d0311709b8a2) Importer(815301076,1909f56bfc062723c751e8b465ee728b)
Start importing Assets/Pixel Adventure 2/Assets/Enemies/FatBird/Fall (40x48).png using Guid(0b35535918bf72f4a9f6d0311709b8a2) Importer(815301076,1909f56bfc062723c751e8b465ee728b)  -> (artifact id: '6767b0f0b6121666fd6afa32fd5ff81d') in 0.020274 seconds
  Import took 0.023518 seconds .

========================================================================
Received Import Request.
  Time since last request: 0.000187 seconds.
  path: Assets/Levels/Level4/Fall (32x32).png
  artifactKey: Guid(544dfa7f532f3de4a80abf1e471caa8e) Importer(815301076,1909f56bfc062723c751e8b465ee728b)
Start importing Assets/Levels/Level4/Fall (32x32).png using Guid(544dfa7f532f3de4a80abf1e471caa8e) Importer(815301076,1909f56bfc062723c751e8b465ee728b)  -> (artifact id: '0f8476517450a0096ae1e0d0f0473cfb') in 0.012040 seconds
  Import took 0.015105 seconds .

========================================================================
Received Import Request.
  Time since last request: 0.000251 seconds.
  path: Assets/Levels/Level3/Fall (32x32).png
  artifactKey: Guid(fc7d464bd5613b84eb3dd3ca8226eec9) Importer(815301076,1909f56bfc062723c751e8b465ee728b)
Start importing Assets/Levels/Level3/Fall (32x32).png using Guid(fc7d464bd5613b84eb3dd3ca8226eec9) Importer(815301076,1909f56bfc062723c751e8b465ee728b)  -> (artifact id: '12cc081e067c4a004f138e394c71e5be') in 0.006642 seconds
  Import took 0.009569 seconds .

========================================================================
Received Import Request.
  Time since last request: 0.352197 seconds.
  path: Assets/Levels/Finish/Desappearing (96x96).png
  artifactKey: Guid(f7611a300b0f7cb48883aa6782341084) Importer(815301076,1909f56bfc062723c751e8b465ee728b)
Start importing Assets/Levels/Finish/Desappearing (96x96).png using Guid(f7611a300b0f7cb48883aa6782341084) Importer(815301076,1909f56bfc062723c751e8b465ee728b)  -> (artifact id: 'be79b748d00e90b7cbec70743ed64e32') in 0.022849 seconds
  Import took 0.025873 seconds .

========================================================================
Received Import Request.
  Time since last request: 218.024910 seconds.
  path: Assets/Images/MAINMENUBACKGROUND.png
  artifactKey: Guid(99420d1f244d3094993967e628a96518) Importer(815301076,1909f56bfc062723c751e8b465ee728b)
Start importing Assets/Images/MAINMENUBACKGROUND.png using Guid(99420d1f244d3094993967e628a96518) Importer(815301076,1909f56bfc062723c751e8b465ee728b)  -> (artifact id: '380d42abd404c84bfa69a6d145053cf2') in 0.010642 seconds
  Import took 0.014007 seconds .

========================================================================
Received Import Request.
  Time since last request: 422.949899 seconds.
  path: Assets/TextMesh Pro/Examples & Extras/Resources/Fonts & Materials/Anton SDF.asset
  artifactKey: Guid(8a89fa14b10d46a99122fd4f73fca9a2) Importer(815301076,1909f56bfc062723c751e8b465ee728b)
Start importing Assets/TextMesh Pro/Examples & Extras/Resources/Fonts & Materials/Anton SDF.asset using Guid(8a89fa14b10d46a99122fd4f73fca9a2) Importer(815301076,1909f56bfc062723c751e8b465ee728b)  -> (artifact id: '9ff2080e9c29c6c4e57d79e063a811a9') in 0.079544 seconds
  Import took 0.083161 seconds .

========================================================================
Received Import Request.
  Time since last request: 0.000231 seconds.
  path: Assets/TextMesh Pro/Examples & Extras/Textures/Brushed Metal 3.jpg
  artifactKey: Guid(f88677df267a41d6be1e7a6133e7d227) Importer(815301076,1909f56bfc062723c751e8b465ee728b)
Start importing Assets/TextMesh Pro/Examples & Extras/Textures/Brushed Metal 3.jpg using Guid(f88677df267a41d6be1e7a6133e7d227) Importer(815301076,1909f56bfc062723c751e8b465ee728b)  -> (artifact id: '654ffe54b90fa2871f3bc0b72ffcbe41') in 0.019836 seconds
  Import took 0.022796 seconds .

========================================================================
Received Import Request.
  Time since last request: 0.000228 seconds.
  path: Assets/TextMesh Pro/Resources/Fonts & Materials/blrrpixs16 SDF.asset
  artifactKey: Guid(8c92ce4fd47ca6f4eb46919a6aeba495) Importer(815301076,1909f56bfc062723c751e8b465ee728b)
Start importing Assets/TextMesh Pro/Resources/Fonts & Materials/blrrpixs16 SDF.asset using Guid(8c92ce4fd47ca6f4eb46919a6aeba495) Importer(815301076,1909f56bfc062723c751e8b465ee728b)  -> (artifact id: '6b53da879d9297a32389c2bbae307d4b') in 0.031999 seconds
  Import took 0.034901 seconds .

========================================================================
Received Import Request.
  Time since last request: 0.000182 seconds.
  path: Assets/TextMesh Pro/Examples & Extras/Resources/Fonts & Materials/Bangers SDF.asset
  artifactKey: Guid(125cb55b44b24c4393181402bc6200e6) Importer(815301076,1909f56bfc062723c751e8b465ee728b)
Start importing Assets/TextMesh Pro/Examples & Extras/Resources/Fonts & Materials/Bangers SDF.asset using Guid(125cb55b44b24c4393181402bc6200e6) Importer(815301076,1909f56bfc062723c751e8b465ee728b)  -> (artifact id: '3a387c41707a7b0da5fa1d9e89ff6b80') in 0.015570 seconds
  Import took 0.018030 seconds .

========================================================================
Received Prepare
Registering precompiled user dll's ...
Registered in 0.000832 seconds.
Begin MonoManager ReloadAssembly
Native extension for WindowsStandalone target not found
Native extension for WebGL target not found
Refreshing native plugins compatible for Editor in 0.35 ms, found 1 plugins.
Preloading 0 native plugins for Editor in 0.00 ms.
Invoked RoslynAnalysisRunner static constructor.
RoslynAnalysisRunner will not be running.
RoslynAnalysisRunner has terminated.
Mono: successfully reloaded assembly
- Completed reload, in  0.661 seconds
Platform modules already initialized, skipping
Refreshing native plugins compatible for Editor in 0.34 ms, found 1 plugins.
Preloading 0 native plugins for Editor in 0.00 ms.
Unloading 1828 Unused Serialized files (Serialized files now loaded: 0)
System memory in use before: 91.3 MB.
System memory in use after: 91.3 MB.

Unloading 12 unused Assets to reduce memory usage. Loaded Objects now: 2430.
Total: 1.699800 ms (FindLiveObjects: 0.156800 ms CreateObjectMapping: 0.057100 ms MarkObjects: 1.410100 ms  DeleteObjects: 0.075000 ms)

========================================================================
Received Prepare
Registering precompiled user dll's ...
Registered in 0.000840 seconds.
Begin MonoManager ReloadAssembly
Native extension for WindowsStandalone target not found
Native extension for WebGL target not found
Refreshing native plugins compatible for Editor in 0.36 ms, found 1 plugins.
Preloading 0 native plugins for Editor in 0.00 ms.
Invoked RoslynAnalysisRunner static constructor.
RoslynAnalysisRunner will not be running.
RoslynAnalysisRunner has terminated.
Mono: successfully reloaded assembly
- Completed reload, in  0.662 seconds
Platform modules already initialized, skipping
Refreshing native plugins compatible for Editor in 0.34 ms, found 1 plugins.
Preloading 0 native plugins for Editor in 0.00 ms.
Unloading 1828 Unused Serialized files (Serialized files now loaded: 0)
System memory in use before: 91.6 MB.
System memory in use after: 91.6 MB.

Unloading 12 unused Assets to reduce memory usage. Loaded Objects now: 2433.
Total: 1.748100 ms (FindLiveObjects: 0.213100 ms CreateObjectMapping: 0.060900 ms MarkObjects: 1.394400 ms  DeleteObjects: 0.079000 ms)

========================================================================
Received Prepare
Refreshing native plugins compatible for Editor in 2.02 ms, found 1 plugins.
Preloading 0 native plugins for Editor in 0.00 ms.
Unloading 10 Unused Serialized files (Serialized files now loaded: 0)
System memory in use before: 55.9 MB.
System memory in use after: 55.9 MB.

Unloading 10 unused Assets to reduce memory usage. Loaded Objects now: 2433.
Total: 1.643900 ms (FindLiveObjects: 0.213900 ms CreateObjectMapping: 0.083500 ms MarkObjects: 1.268600 ms  DeleteObjects: 0.076900 ms)

========================================================================
Received Prepare
Refreshing native plugins compatible for Editor in 1.34 ms, found 1 plugins.
Preloading 0 native plugins for Editor in 0.00 ms.
Unloading 10 Unused Serialized files (Serialized files now loaded: 0)
System memory in use before: 56.0 MB.
System memory in use after: 56.0 MB.

Unloading 10 unused Assets to reduce memory usage. Loaded Objects now: 2433.
Total: 1.830000 ms (FindLiveObjects: 0.174000 ms CreateObjectMapping: 0.069300 ms MarkObjects: 1.508700 ms  DeleteObjects: 0.077300 ms)

========================================================================
Received Prepare
Registering precompiled user dll's ...
Registered in 0.000835 seconds.
Begin MonoManager ReloadAssembly
Native extension for WindowsStandalone target not found
Native extension for WebGL target not found
Refreshing native plugins compatible for Editor in 0.35 ms, found 1 plugins.
Preloading 0 native plugins for Editor in 0.00 ms.
Invoked RoslynAnalysisRunner static constructor.
RoslynAnalysisRunner will not be running.
RoslynAnalysisRunner has terminated.
Mono: successfully reloaded assembly
- Completed reload, in  0.646 seconds
Platform modules already initialized, skipping
Refreshing native plugins compatible for Editor in 0.34 ms, found 1 plugins.
Preloading 0 native plugins for Editor in 0.00 ms.
Unloading 1828 Unused Serialized files (Serialized files now loaded: 0)
System memory in use before: 92.3 MB.
System memory in use after: 92.3 MB.

Unloading 12 unused Assets to reduce memory usage. Loaded Objects now: 2436.
Total: 1.732300 ms (FindLiveObjects: 0.168000 ms CreateObjectMapping: 0.059900 ms MarkObjects: 1.422200 ms  DeleteObjects: 0.081300 ms)

========================================================================
Received Prepare
Refreshing native plugins compatible for Editor in 1.49 ms, found 1 plugins.
Preloading 0 native plugins for Editor in 0.00 ms.
Unloading 10 Unused Serialized files (Serialized files now loaded: 0)
System memory in use before: 56.7 MB.
System memory in use after: 56.7 MB.

Unloading 10 unused Assets to reduce memory usage. Loaded Objects now: 2436.
Total: 1.960200 ms (FindLiveObjects: 0.203900 ms CreateObjectMapping: 0.068000 ms MarkObjects: 1.597400 ms  DeleteObjects: 0.089900 ms)

========================================================================
Received Prepare
Registering precompiled user dll's ...
Registered in 0.000845 seconds.
Begin MonoManager ReloadAssembly
Native extension for WindowsStandalone target not found
Native extension for WebGL target not found
Refreshing native plugins compatible for Editor in 0.35 ms, found 1 plugins.
Preloading 0 native plugins for Editor in 0.00 ms.
Invoked RoslynAnalysisRunner static constructor.
RoslynAnalysisRunner will not be running.
RoslynAnalysisRunner has terminated.
Mono: successfully reloaded assembly
- Completed reload, in  0.677 seconds
Platform modules already initialized, skipping
Refreshing native plugins compatible for Editor in 0.37 ms, found 1 plugins.
Preloading 0 native plugins for Editor in 0.00 ms.
Unloading 1828 Unused Serialized files (Serialized files now loaded: 0)
System memory in use before: 92.8 MB.
System memory in use after: 92.8 MB.

Unloading 12 unused Assets to reduce memory usage. Loaded Objects now: 2439.
Total: 1.740900 ms (FindLiveObjects: 0.176900 ms CreateObjectMapping: 0.058400 ms MarkObjects: 1.423000 ms  DeleteObjects: 0.081800 ms)

========================================================================
Received Prepare
Refreshing native plugins compatible for Editor in 1.62 ms, found 1 plugins.
Preloading 0 native plugins for Editor in 0.00 ms.
Unloading 10 Unused Serialized files (Serialized files now loaded: 0)
System memory in use before: 57.0 MB.
System memory in use after: 57.0 MB.

Unloading 10 unused Assets to reduce memory usage. Loaded Objects now: 2439.
Total: 1.921700 ms (FindLiveObjects: 0.226000 ms CreateObjectMapping: 0.081200 ms MarkObjects: 1.528400 ms  DeleteObjects: 0.085100 ms)

========================================================================
Received Prepare
Refreshing native plugins compatible for Editor in 1.59 ms, found 1 plugins.
Preloading 0 native plugins for Editor in 0.00 ms.
Unloading 10 Unused Serialized files (Serialized files now loaded: 0)
System memory in use before: 56.4 MB.
System memory in use after: 56.4 MB.

Unloading 10 unused Assets to reduce memory usage. Loaded Objects now: 2439.
Total: 1.803900 ms (FindLiveObjects: 0.197700 ms CreateObjectMapping: 0.072600 ms MarkObjects: 1.449700 ms  DeleteObjects: 0.083100 ms)

AssetImportWorkerClient::OnTransportError - code=2 error=End of file
